09:21:27.542 [main] WARN  com.netflix.config.sources.URLConfigurationSource  - No URLs will be polled as dynamic configuration sources.
09:21:27.548 [main] WARN  com.netflix.config.sources.URLConfigurationSource  - No URLs will be polled as dynamic configuration sources.
09:24:30.125 [Thread-23] WARN  com.netflix.discovery.DiscoveryClient  - Saw local status change event StatusChangeEvent [timestamp=1582248270125, current=DOWN, previous=UP]
09:24:41.646 [main] WARN  com.netflix.config.sources.URLConfigurationSource  - No URLs will be polled as dynamic configuration sources.
09:24:41.650 [main] WARN  com.netflix.config.sources.URLConfigurationSource  - No URLs will be polled as dynamic configuration sources.
09:24:47.122 [http-nio-10099-exec-1] ERROR org.apache.catalina.core.ContainerBase.[Tomcat].[localhost].[/].[dispatcherServlet]  - Servlet.service() for servlet [dispatcherServlet] in context with path [] threw exception [Request processing failed; nested exception is org.springframework.web.multipart.MultipartException: Failed to parse multipart servlet request; nested exception is java.io.IOException: The temporary upload location [/tmp/tomcat.4648224647858374842.10099/work/Tomcat/localhost/ROOT/temp/file] is not valid] with root cause
java.io.IOException: The temporary upload location [/tmp/tomcat.4648224647858374842.10099/work/Tomcat/localhost/ROOT/temp/file] is not valid
	at org.apache.catalina.connector.Request.parseParts(Request.java:2877) ~[tomcat-embed-core-8.5.34.jar:8.5.34]
	at org.apache.catalina.connector.Request.parseParameters(Request.java:3242) ~[tomcat-embed-core-8.5.34.jar:8.5.34]
	at org.apache.catalina.connector.Request.getParameter(Request.java:1136) ~[tomcat-embed-core-8.5.34.jar:8.5.34]
	at org.apache.catalina.connector.RequestFacade.getParameter(RequestFacade.java:381) ~[tomcat-embed-core-8.5.34.jar:8.5.34]
	at org.springframework.web.filter.HiddenHttpMethodFilter.doFilterInternal(HiddenHttpMethodFilter.java:84) ~[spring-web-5.0.9.RELEASE.jar:5.0.9.RELEASE]
	at org.springframework.web.filter.OncePerRequestFilter.doFilter(OncePerRequestFilter.java:107) ~[spring-web-5.0.9.RELEASE.jar:5.0.9.RELEASE]
	at org.apache.catalina.core.ApplicationFilterChain.internalDoFilter(ApplicationFilterChain.java:193) ~[tomcat-embed-core-8.5.34.jar:8.5.34]
	at org.apache.catalina.core.ApplicationFilterChain.doFilter(ApplicationFilterChain.java:166) ~[tomcat-embed-core-8.5.34.jar:8.5.34]
	at org.springframework.web.filter.CharacterEncodingFilter.doFilterInternal(CharacterEncodingFilter.java:200) ~[spring-web-5.0.9.RELEASE.jar:5.0.9.RELEASE]
	at org.springframework.web.filter.OncePerRequestFilter.doFilter(OncePerRequestFilter.java:107) ~[spring-web-5.0.9.RELEASE.jar:5.0.9.RELEASE]
	at org.apache.catalina.core.ApplicationFilterChain.internalDoFilter(ApplicationFilterChain.java:193) ~[tomcat-embed-core-8.5.34.jar:8.5.34]
	at org.apache.catalina.core.ApplicationFilterChain.doFilter(ApplicationFilterChain.java:166) ~[tomcat-embed-core-8.5.34.jar:8.5.34]
	at org.apache.catalina.core.StandardWrapperValve.invoke(StandardWrapperValve.java:198) [tomcat-embed-core-8.5.34.jar:8.5.34]
	at org.apache.catalina.core.StandardContextValve.invoke(StandardContextValve.java:96) [tomcat-embed-core-8.5.34.jar:8.5.34]
	at org.apache.catalina.authenticator.AuthenticatorBase.invoke(AuthenticatorBase.java:493) [tomcat-embed-core-8.5.34.jar:8.5.34]
	at org.apache.catalina.core.StandardHostValve.invoke(StandardHostValve.java:140) [tomcat-embed-core-8.5.34.jar:8.5.34]
	at org.apache.catalina.valves.ErrorReportValve.invoke(ErrorReportValve.java:81) [tomcat-embed-core-8.5.34.jar:8.5.34]
	at org.apache.catalina.core.StandardEngineValve.invoke(StandardEngineValve.java:87) [tomcat-embed-core-8.5.34.jar:8.5.34]
	at org.apache.catalina.connector.CoyoteAdapter.service(CoyoteAdapter.java:342) [tomcat-embed-core-8.5.34.jar:8.5.34]
	at org.apache.coyote.http11.Http11Processor.service(Http11Processor.java:800) [tomcat-embed-core-8.5.34.jar:8.5.34]
	at org.apache.coyote.AbstractProcessorLight.process(AbstractProcessorLight.java:66) [tomcat-embed-core-8.5.34.jar:8.5.34]
	at org.apache.coyote.AbstractProtocol$ConnectionHandler.process(AbstractProtocol.java:806) [tomcat-embed-core-8.5.34.jar:8.5.34]
	at org.apache.tomcat.util.net.NioEndpoint$SocketProcessor.doRun(NioEndpoint.java:1498) [tomcat-embed-core-8.5.34.jar:8.5.34]
	at org.apache.tomcat.util.net.SocketProcessorBase.run(SocketProcessorBase.java:49) [tomcat-embed-core-8.5.34.jar:8.5.34]
	at java.util.concurrent.ThreadPoolExecutor.runWorker(ThreadPoolExecutor.java:1149) [?:1.8.0_201]
	at java.util.concurrent.ThreadPoolExecutor$Worker.run(ThreadPoolExecutor.java:624) [?:1.8.0_201]
	at org.apache.tomcat.util.threads.TaskThread$WrappingRunnable.run(TaskThread.java:61) [tomcat-embed-core-8.5.34.jar:8.5.34]
	at java.lang.Thread.run(Thread.java:748) [?:1.8.0_201]
09:30:04.271 [Thread-19] WARN  com.netflix.discovery.DiscoveryClient  - Saw local status change event StatusChangeEvent [timestamp=1582248604271, current=DOWN, previous=UP]
09:30:16.577 [main] WARN  com.netflix.config.sources.URLConfigurationSource  - No URLs will be polled as dynamic configuration sources.
09:30:16.582 [main] WARN  com.netflix.config.sources.URLConfigurationSource  - No URLs will be polled as dynamic configuration sources.
09:30:26.425 [http-nio-10099-exec-6] ERROR org.apache.catalina.core.ContainerBase.[Tomcat].[localhost].[/].[dispatcherServlet]  - Servlet.service() for servlet [dispatcherServlet] in context with path [] threw exception [Request processing failed; nested exception is org.springframework.web.multipart.MultipartException: Failed to parse multipart servlet request; nested exception is java.io.IOException: The temporary upload location [/tmp/tomcat.9188621537785527588.10099/work/Tomcat/localhost/ROOT/temp/file] is not valid] with root cause
java.io.IOException: The temporary upload location [/tmp/tomcat.9188621537785527588.10099/work/Tomcat/localhost/ROOT/temp/file] is not valid
	at org.apache.catalina.connector.Request.parseParts(Request.java:2877) ~[tomcat-embed-core-8.5.34.jar:8.5.34]
	at org.apache.catalina.connector.Request.parseParameters(Request.java:3242) ~[tomcat-embed-core-8.5.34.jar:8.5.34]
	at org.apache.catalina.connector.Request.getParameter(Request.java:1136) ~[tomcat-embed-core-8.5.34.jar:8.5.34]
	at org.apache.catalina.connector.RequestFacade.getParameter(RequestFacade.java:381) ~[tomcat-embed-core-8.5.34.jar:8.5.34]
	at org.springframework.web.filter.HiddenHttpMethodFilter.doFilterInternal(HiddenHttpMethodFilter.java:84) ~[spring-web-5.0.9.RELEASE.jar:5.0.9.RELEASE]
	at org.springframework.web.filter.OncePerRequestFilter.doFilter(OncePerRequestFilter.java:107) ~[spring-web-5.0.9.RELEASE.jar:5.0.9.RELEASE]
	at org.apache.catalina.core.ApplicationFilterChain.internalDoFilter(ApplicationFilterChain.java:193) ~[tomcat-embed-core-8.5.34.jar:8.5.34]
	at org.apache.catalina.core.ApplicationFilterChain.doFilter(ApplicationFilterChain.java:166) ~[tomcat-embed-core-8.5.34.jar:8.5.34]
	at org.springframework.web.filter.CharacterEncodingFilter.doFilterInternal(CharacterEncodingFilter.java:200) ~[spring-web-5.0.9.RELEASE.jar:5.0.9.RELEASE]
	at org.springframework.web.filter.OncePerRequestFilter.doFilter(OncePerRequestFilter.java:107) ~[spring-web-5.0.9.RELEASE.jar:5.0.9.RELEASE]
	at org.apache.catalina.core.ApplicationFilterChain.internalDoFilter(ApplicationFilterChain.java:193) ~[tomcat-embed-core-8.5.34.jar:8.5.34]
	at org.apache.catalina.core.ApplicationFilterChain.doFilter(ApplicationFilterChain.java:166) ~[tomcat-embed-core-8.5.34.jar:8.5.34]
	at org.apache.catalina.core.StandardWrapperValve.invoke(StandardWrapperValve.java:198) [tomcat-embed-core-8.5.34.jar:8.5.34]
	at org.apache.catalina.core.StandardContextValve.invoke(StandardContextValve.java:96) [tomcat-embed-core-8.5.34.jar:8.5.34]
	at org.apache.catalina.authenticator.AuthenticatorBase.invoke(AuthenticatorBase.java:493) [tomcat-embed-core-8.5.34.jar:8.5.34]
	at org.apache.catalina.core.StandardHostValve.invoke(StandardHostValve.java:140) [tomcat-embed-core-8.5.34.jar:8.5.34]
	at org.apache.catalina.valves.ErrorReportValve.invoke(ErrorReportValve.java:81) [tomcat-embed-core-8.5.34.jar:8.5.34]
	at org.apache.catalina.core.StandardEngineValve.invoke(StandardEngineValve.java:87) [tomcat-embed-core-8.5.34.jar:8.5.34]
	at org.apache.catalina.connector.CoyoteAdapter.service(CoyoteAdapter.java:342) [tomcat-embed-core-8.5.34.jar:8.5.34]
	at org.apache.coyote.http11.Http11Processor.service(Http11Processor.java:800) [tomcat-embed-core-8.5.34.jar:8.5.34]
	at org.apache.coyote.AbstractProcessorLight.process(AbstractProcessorLight.java:66) [tomcat-embed-core-8.5.34.jar:8.5.34]
	at org.apache.coyote.AbstractProtocol$ConnectionHandler.process(AbstractProtocol.java:806) [tomcat-embed-core-8.5.34.jar:8.5.34]
	at org.apache.tomcat.util.net.NioEndpoint$SocketProcessor.doRun(NioEndpoint.java:1498) [tomcat-embed-core-8.5.34.jar:8.5.34]
	at org.apache.tomcat.util.net.SocketProcessorBase.run(SocketProcessorBase.java:49) [tomcat-embed-core-8.5.34.jar:8.5.34]
	at java.util.concurrent.ThreadPoolExecutor.runWorker(ThreadPoolExecutor.java:1149) [?:1.8.0_201]
	at java.util.concurrent.ThreadPoolExecutor$Worker.run(ThreadPoolExecutor.java:624) [?:1.8.0_201]
	at org.apache.tomcat.util.threads.TaskThread$WrappingRunnable.run(TaskThread.java:61) [tomcat-embed-core-8.5.34.jar:8.5.34]
	at java.lang.Thread.run(Thread.java:748) [?:1.8.0_201]
09:31:10.921 [Thread-19] WARN  com.netflix.discovery.DiscoveryClient  - Saw local status change event StatusChangeEvent [timestamp=1582248670921, current=DOWN, previous=UP]
09:31:28.826 [main] WARN  com.netflix.config.sources.URLConfigurationSource  - No URLs will be polled as dynamic configuration sources.
09:31:28.835 [main] WARN  com.netflix.config.sources.URLConfigurationSource  - No URLs will be polled as dynamic configuration sources.
09:33:22.300 [http-nio-10099-exec-1] ERROR org.apache.catalina.core.ContainerBase.[Tomcat].[localhost].[/].[dispatcherServlet]  - Servlet.service() for servlet [dispatcherServlet] in context with path [] threw exception [Request processing failed; nested exception is org.springframework.web.multipart.MultipartException: Failed to parse multipart servlet request; nested exception is java.io.IOException: The temporary upload location [/temp/file] is not valid] with root cause
java.io.IOException: The temporary upload location [/temp/file] is not valid
	at org.apache.catalina.connector.Request.parseParts(Request.java:2877) ~[tomcat-embed-core-8.5.34.jar:8.5.34]
	at org.apache.catalina.connector.Request.parseParameters(Request.java:3242) ~[tomcat-embed-core-8.5.34.jar:8.5.34]
	at org.apache.catalina.connector.Request.getParameter(Request.java:1136) ~[tomcat-embed-core-8.5.34.jar:8.5.34]
	at org.apache.catalina.connector.RequestFacade.getParameter(RequestFacade.java:381) ~[tomcat-embed-core-8.5.34.jar:8.5.34]
	at org.springframework.web.filter.HiddenHttpMethodFilter.doFilterInternal(HiddenHttpMethodFilter.java:84) ~[spring-web-5.0.9.RELEASE.jar:5.0.9.RELEASE]
	at org.springframework.web.filter.OncePerRequestFilter.doFilter(OncePerRequestFilter.java:107) ~[spring-web-5.0.9.RELEASE.jar:5.0.9.RELEASE]
	at org.apache.catalina.core.ApplicationFilterChain.internalDoFilter(ApplicationFilterChain.java:193) ~[tomcat-embed-core-8.5.34.jar:8.5.34]
	at org.apache.catalina.core.ApplicationFilterChain.doFilter(ApplicationFilterChain.java:166) ~[tomcat-embed-core-8.5.34.jar:8.5.34]
	at org.springframework.web.filter.CharacterEncodingFilter.doFilterInternal(CharacterEncodingFilter.java:200) ~[spring-web-5.0.9.RELEASE.jar:5.0.9.RELEASE]
	at org.springframework.web.filter.OncePerRequestFilter.doFilter(OncePerRequestFilter.java:107) ~[spring-web-5.0.9.RELEASE.jar:5.0.9.RELEASE]
	at org.apache.catalina.core.ApplicationFilterChain.internalDoFilter(ApplicationFilterChain.java:193) ~[tomcat-embed-core-8.5.34.jar:8.5.34]
	at org.apache.catalina.core.ApplicationFilterChain.doFilter(ApplicationFilterChain.java:166) ~[tomcat-embed-core-8.5.34.jar:8.5.34]
	at org.apache.catalina.core.StandardWrapperValve.invoke(StandardWrapperValve.java:198) [tomcat-embed-core-8.5.34.jar:8.5.34]
	at org.apache.catalina.core.StandardContextValve.invoke(StandardContextValve.java:96) [tomcat-embed-core-8.5.34.jar:8.5.34]
	at org.apache.catalina.authenticator.AuthenticatorBase.invoke(AuthenticatorBase.java:493) [tomcat-embed-core-8.5.34.jar:8.5.34]
	at org.apache.catalina.core.StandardHostValve.invoke(StandardHostValve.java:140) [tomcat-embed-core-8.5.34.jar:8.5.34]
	at org.apache.catalina.valves.ErrorReportValve.invoke(ErrorReportValve.java:81) [tomcat-embed-core-8.5.34.jar:8.5.34]
	at org.apache.catalina.core.StandardEngineValve.invoke(StandardEngineValve.java:87) [tomcat-embed-core-8.5.34.jar:8.5.34]
	at org.apache.catalina.connector.CoyoteAdapter.service(CoyoteAdapter.java:342) [tomcat-embed-core-8.5.34.jar:8.5.34]
	at org.apache.coyote.http11.Http11Processor.service(Http11Processor.java:800) [tomcat-embed-core-8.5.34.jar:8.5.34]
	at org.apache.coyote.AbstractProcessorLight.process(AbstractProcessorLight.java:66) [tomcat-embed-core-8.5.34.jar:8.5.34]
	at org.apache.coyote.AbstractProtocol$ConnectionHandler.process(AbstractProtocol.java:806) [tomcat-embed-core-8.5.34.jar:8.5.34]
	at org.apache.tomcat.util.net.NioEndpoint$SocketProcessor.doRun(NioEndpoint.java:1498) [tomcat-embed-core-8.5.34.jar:8.5.34]
	at org.apache.tomcat.util.net.SocketProcessorBase.run(SocketProcessorBase.java:49) [tomcat-embed-core-8.5.34.jar:8.5.34]
	at java.util.concurrent.ThreadPoolExecutor.runWorker(ThreadPoolExecutor.java:1149) [?:1.8.0_201]
	at java.util.concurrent.ThreadPoolExecutor$Worker.run(ThreadPoolExecutor.java:624) [?:1.8.0_201]
	at org.apache.tomcat.util.threads.TaskThread$WrappingRunnable.run(TaskThread.java:61) [tomcat-embed-core-8.5.34.jar:8.5.34]
	at java.lang.Thread.run(Thread.java:748) [?:1.8.0_201]
09:33:35.908 [http-nio-10099-exec-7] ERROR org.apache.catalina.core.ContainerBase.[Tomcat].[localhost].[/].[dispatcherServlet]  - Servlet.service() for servlet [dispatcherServlet] in context with path [] threw exception [Request processing failed; nested exception is org.springframework.web.multipart.MultipartException: Failed to parse multipart servlet request; nested exception is java.io.IOException: The temporary upload location [/temp/file] is not valid] with root cause
java.io.IOException: The temporary upload location [/temp/file] is not valid
	at org.apache.catalina.connector.Request.parseParts(Request.java:2877) ~[tomcat-embed-core-8.5.34.jar:8.5.34]
	at org.apache.catalina.connector.Request.parseParameters(Request.java:3242) ~[tomcat-embed-core-8.5.34.jar:8.5.34]
	at org.apache.catalina.connector.Request.getParameter(Request.java:1136) ~[tomcat-embed-core-8.5.34.jar:8.5.34]
	at org.apache.catalina.connector.RequestFacade.getParameter(RequestFacade.java:381) ~[tomcat-embed-core-8.5.34.jar:8.5.34]
	at org.springframework.web.filter.HiddenHttpMethodFilter.doFilterInternal(HiddenHttpMethodFilter.java:84) ~[spring-web-5.0.9.RELEASE.jar:5.0.9.RELEASE]
	at org.springframework.web.filter.OncePerRequestFilter.doFilter(OncePerRequestFilter.java:107) ~[spring-web-5.0.9.RELEASE.jar:5.0.9.RELEASE]
	at org.apache.catalina.core.ApplicationFilterChain.internalDoFilter(ApplicationFilterChain.java:193) ~[tomcat-embed-core-8.5.34.jar:8.5.34]
	at org.apache.catalina.core.ApplicationFilterChain.doFilter(ApplicationFilterChain.java:166) ~[tomcat-embed-core-8.5.34.jar:8.5.34]
	at org.springframework.web.filter.CharacterEncodingFilter.doFilterInternal(CharacterEncodingFilter.java:200) ~[spring-web-5.0.9.RELEASE.jar:5.0.9.RELEASE]
	at org.springframework.web.filter.OncePerRequestFilter.doFilter(OncePerRequestFilter.java:107) ~[spring-web-5.0.9.RELEASE.jar:5.0.9.RELEASE]
	at org.apache.catalina.core.ApplicationFilterChain.internalDoFilter(ApplicationFilterChain.java:193) ~[tomcat-embed-core-8.5.34.jar:8.5.34]
	at org.apache.catalina.core.ApplicationFilterChain.doFilter(ApplicationFilterChain.java:166) ~[tomcat-embed-core-8.5.34.jar:8.5.34]
	at org.apache.catalina.core.StandardWrapperValve.invoke(StandardWrapperValve.java:198) [tomcat-embed-core-8.5.34.jar:8.5.34]
	at org.apache.catalina.core.StandardContextValve.invoke(StandardContextValve.java:96) [tomcat-embed-core-8.5.34.jar:8.5.34]
	at org.apache.catalina.authenticator.AuthenticatorBase.invoke(AuthenticatorBase.java:493) [tomcat-embed-core-8.5.34.jar:8.5.34]
	at org.apache.catalina.core.StandardHostValve.invoke(StandardHostValve.java:140) [tomcat-embed-core-8.5.34.jar:8.5.34]
	at org.apache.catalina.valves.ErrorReportValve.invoke(ErrorReportValve.java:81) [tomcat-embed-core-8.5.34.jar:8.5.34]
	at org.apache.catalina.core.StandardEngineValve.invoke(StandardEngineValve.java:87) [tomcat-embed-core-8.5.34.jar:8.5.34]
	at org.apache.catalina.connector.CoyoteAdapter.service(CoyoteAdapter.java:342) [tomcat-embed-core-8.5.34.jar:8.5.34]
	at org.apache.coyote.http11.Http11Processor.service(Http11Processor.java:800) [tomcat-embed-core-8.5.34.jar:8.5.34]
	at org.apache.coyote.AbstractProcessorLight.process(AbstractProcessorLight.java:66) [tomcat-embed-core-8.5.34.jar:8.5.34]
	at org.apache.coyote.AbstractProtocol$ConnectionHandler.process(AbstractProtocol.java:806) [tomcat-embed-core-8.5.34.jar:8.5.34]
	at org.apache.tomcat.util.net.NioEndpoint$SocketProcessor.doRun(NioEndpoint.java:1498) [tomcat-embed-core-8.5.34.jar:8.5.34]
	at org.apache.tomcat.util.net.SocketProcessorBase.run(SocketProcessorBase.java:49) [tomcat-embed-core-8.5.34.jar:8.5.34]
	at java.util.concurrent.ThreadPoolExecutor.runWorker(ThreadPoolExecutor.java:1149) [?:1.8.0_201]
	at java.util.concurrent.ThreadPoolExecutor$Worker.run(ThreadPoolExecutor.java:624) [?:1.8.0_201]
	at org.apache.tomcat.util.threads.TaskThread$WrappingRunnable.run(TaskThread.java:61) [tomcat-embed-core-8.5.34.jar:8.5.34]
	at java.lang.Thread.run(Thread.java:748) [?:1.8.0_201]
09:35:01.133 [Thread-33] WARN  com.netflix.discovery.DiscoveryClient  - Saw local status change event StatusChangeEvent [timestamp=1582248901132, current=DOWN, previous=UP]
09:35:04.171 [DiscoveryClient-0] WARN  com.netflix.discovery.TimedSupervisorTask  - task supervisor shutting down, can't accept the task
09:35:13.069 [main] WARN  com.netflix.config.sources.URLConfigurationSource  - No URLs will be polled as dynamic configuration sources.
09:35:13.073 [main] WARN  com.netflix.config.sources.URLConfigurationSource  - No URLs will be polled as dynamic configuration sources.
09:35:31.033 [http-nio-10099-exec-3] ERROR org.apache.catalina.core.ContainerBase.[Tomcat].[localhost].[/].[dispatcherServlet]  - Servlet.service() for servlet [dispatcherServlet] in context with path [] threw exception [Request processing failed; nested exception is org.springframework.web.multipart.MultipartException: Failed to parse multipart servlet request; nested exception is java.io.IOException: The temporary upload location [/tmp/tomcat.2845731499425281695.10099/work/Tomcat/localhost/ROOT/temp/file] is not valid] with root cause
java.io.IOException: The temporary upload location [/tmp/tomcat.2845731499425281695.10099/work/Tomcat/localhost/ROOT/temp/file] is not valid
	at org.apache.catalina.connector.Request.parseParts(Request.java:2877) ~[tomcat-embed-core-8.5.34.jar:8.5.34]
	at org.apache.catalina.connector.Request.parseParameters(Request.java:3242) ~[tomcat-embed-core-8.5.34.jar:8.5.34]
	at org.apache.catalina.connector.Request.getParameter(Request.java:1136) ~[tomcat-embed-core-8.5.34.jar:8.5.34]
	at org.apache.catalina.connector.RequestFacade.getParameter(RequestFacade.java:381) ~[tomcat-embed-core-8.5.34.jar:8.5.34]
	at org.springframework.web.filter.HiddenHttpMethodFilter.doFilterInternal(HiddenHttpMethodFilter.java:84) ~[spring-web-5.0.9.RELEASE.jar:5.0.9.RELEASE]
	at org.springframework.web.filter.OncePerRequestFilter.doFilter(OncePerRequestFilter.java:107) ~[spring-web-5.0.9.RELEASE.jar:5.0.9.RELEASE]
	at org.apache.catalina.core.ApplicationFilterChain.internalDoFilter(ApplicationFilterChain.java:193) ~[tomcat-embed-core-8.5.34.jar:8.5.34]
	at org.apache.catalina.core.ApplicationFilterChain.doFilter(ApplicationFilterChain.java:166) ~[tomcat-embed-core-8.5.34.jar:8.5.34]
	at org.springframework.web.filter.CharacterEncodingFilter.doFilterInternal(CharacterEncodingFilter.java:200) ~[spring-web-5.0.9.RELEASE.jar:5.0.9.RELEASE]
	at org.springframework.web.filter.OncePerRequestFilter.doFilter(OncePerRequestFilter.java:107) ~[spring-web-5.0.9.RELEASE.jar:5.0.9.RELEASE]
	at org.apache.catalina.core.ApplicationFilterChain.internalDoFilter(ApplicationFilterChain.java:193) ~[tomcat-embed-core-8.5.34.jar:8.5.34]
	at org.apache.catalina.core.ApplicationFilterChain.doFilter(ApplicationFilterChain.java:166) ~[tomcat-embed-core-8.5.34.jar:8.5.34]
	at org.apache.catalina.core.StandardWrapperValve.invoke(StandardWrapperValve.java:198) [tomcat-embed-core-8.5.34.jar:8.5.34]
	at org.apache.catalina.core.StandardContextValve.invoke(StandardContextValve.java:96) [tomcat-embed-core-8.5.34.jar:8.5.34]
	at org.apache.catalina.authenticator.AuthenticatorBase.invoke(AuthenticatorBase.java:493) [tomcat-embed-core-8.5.34.jar:8.5.34]
	at org.apache.catalina.core.StandardHostValve.invoke(StandardHostValve.java:140) [tomcat-embed-core-8.5.34.jar:8.5.34]
	at org.apache.catalina.valves.ErrorReportValve.invoke(ErrorReportValve.java:81) [tomcat-embed-core-8.5.34.jar:8.5.34]
	at org.apache.catalina.core.StandardEngineValve.invoke(StandardEngineValve.java:87) [tomcat-embed-core-8.5.34.jar:8.5.34]
	at org.apache.catalina.connector.CoyoteAdapter.service(CoyoteAdapter.java:342) [tomcat-embed-core-8.5.34.jar:8.5.34]
	at org.apache.coyote.http11.Http11Processor.service(Http11Processor.java:800) [tomcat-embed-core-8.5.34.jar:8.5.34]
	at org.apache.coyote.AbstractProcessorLight.process(AbstractProcessorLight.java:66) [tomcat-embed-core-8.5.34.jar:8.5.34]
	at org.apache.coyote.AbstractProtocol$ConnectionHandler.process(AbstractProtocol.java:806) [tomcat-embed-core-8.5.34.jar:8.5.34]
	at org.apache.tomcat.util.net.NioEndpoint$SocketProcessor.doRun(NioEndpoint.java:1498) [tomcat-embed-core-8.5.34.jar:8.5.34]
	at org.apache.tomcat.util.net.SocketProcessorBase.run(SocketProcessorBase.java:49) [tomcat-embed-core-8.5.34.jar:8.5.34]
	at java.util.concurrent.ThreadPoolExecutor.runWorker(ThreadPoolExecutor.java:1149) [?:1.8.0_201]
	at java.util.concurrent.ThreadPoolExecutor$Worker.run(ThreadPoolExecutor.java:624) [?:1.8.0_201]
	at org.apache.tomcat.util.threads.TaskThread$WrappingRunnable.run(TaskThread.java:61) [tomcat-embed-core-8.5.34.jar:8.5.34]
	at java.lang.Thread.run(Thread.java:748) [?:1.8.0_201]
09:40:51.187 [Thread-19] WARN  com.netflix.discovery.DiscoveryClient  - Saw local status change event StatusChangeEvent [timestamp=1582249251187, current=DOWN, previous=UP]
09:41:03.035 [main] WARN  com.netflix.config.sources.URLConfigurationSource  - No URLs will be polled as dynamic configuration sources.
09:41:03.039 [main] WARN  com.netflix.config.sources.URLConfigurationSource  - No URLs will be polled as dynamic configuration sources.
09:42:29.631 [http-nio-10099-exec-1] ERROR org.apache.catalina.core.ContainerBase.[Tomcat].[localhost].[/].[dispatcherServlet]  - Servlet.service() for servlet [dispatcherServlet] in context with path [] threw exception [Request processing failed; nested exception is org.springframework.web.multipart.MultipartException: Failed to parse multipart servlet request; nested exception is java.io.IOException: The temporary upload location [/temp/file] is not valid] with root cause
java.io.IOException: The temporary upload location [/temp/file] is not valid
	at org.apache.catalina.connector.Request.parseParts(Request.java:2877) ~[tomcat-embed-core-8.5.34.jar:8.5.34]
	at org.apache.catalina.connector.Request.parseParameters(Request.java:3242) ~[tomcat-embed-core-8.5.34.jar:8.5.34]
	at org.apache.catalina.connector.Request.getParameter(Request.java:1136) ~[tomcat-embed-core-8.5.34.jar:8.5.34]
	at org.apache.catalina.connector.RequestFacade.getParameter(RequestFacade.java:381) ~[tomcat-embed-core-8.5.34.jar:8.5.34]
	at org.springframework.web.filter.HiddenHttpMethodFilter.doFilterInternal(HiddenHttpMethodFilter.java:84) ~[spring-web-5.0.9.RELEASE.jar:5.0.9.RELEASE]
	at org.springframework.web.filter.OncePerRequestFilter.doFilter(OncePerRequestFilter.java:107) ~[spring-web-5.0.9.RELEASE.jar:5.0.9.RELEASE]
	at org.apache.catalina.core.ApplicationFilterChain.internalDoFilter(ApplicationFilterChain.java:193) ~[tomcat-embed-core-8.5.34.jar:8.5.34]
	at org.apache.catalina.core.ApplicationFilterChain.doFilter(ApplicationFilterChain.java:166) ~[tomcat-embed-core-8.5.34.jar:8.5.34]
	at org.springframework.web.filter.CharacterEncodingFilter.doFilterInternal(CharacterEncodingFilter.java:200) ~[spring-web-5.0.9.RELEASE.jar:5.0.9.RELEASE]
	at org.springframework.web.filter.OncePerRequestFilter.doFilter(OncePerRequestFilter.java:107) ~[spring-web-5.0.9.RELEASE.jar:5.0.9.RELEASE]
	at org.apache.catalina.core.ApplicationFilterChain.internalDoFilter(ApplicationFilterChain.java:193) ~[tomcat-embed-core-8.5.34.jar:8.5.34]
	at org.apache.catalina.core.ApplicationFilterChain.doFilter(ApplicationFilterChain.java:166) ~[tomcat-embed-core-8.5.34.jar:8.5.34]
	at org.apache.catalina.core.StandardWrapperValve.invoke(StandardWrapperValve.java:198) [tomcat-embed-core-8.5.34.jar:8.5.34]
	at org.apache.catalina.core.StandardContextValve.invoke(StandardContextValve.java:96) [tomcat-embed-core-8.5.34.jar:8.5.34]
	at org.apache.catalina.authenticator.AuthenticatorBase.invoke(AuthenticatorBase.java:493) [tomcat-embed-core-8.5.34.jar:8.5.34]
	at org.apache.catalina.core.StandardHostValve.invoke(StandardHostValve.java:140) [tomcat-embed-core-8.5.34.jar:8.5.34]
	at org.apache.catalina.valves.ErrorReportValve.invoke(ErrorReportValve.java:81) [tomcat-embed-core-8.5.34.jar:8.5.34]
	at org.apache.catalina.core.StandardEngineValve.invoke(StandardEngineValve.java:87) [tomcat-embed-core-8.5.34.jar:8.5.34]
	at org.apache.catalina.connector.CoyoteAdapter.service(CoyoteAdapter.java:342) [tomcat-embed-core-8.5.34.jar:8.5.34]
	at org.apache.coyote.http11.Http11Processor.service(Http11Processor.java:800) [tomcat-embed-core-8.5.34.jar:8.5.34]
	at org.apache.coyote.AbstractProcessorLight.process(AbstractProcessorLight.java:66) [tomcat-embed-core-8.5.34.jar:8.5.34]
	at org.apache.coyote.AbstractProtocol$ConnectionHandler.process(AbstractProtocol.java:806) [tomcat-embed-core-8.5.34.jar:8.5.34]
	at org.apache.tomcat.util.net.NioEndpoint$SocketProcessor.doRun(NioEndpoint.java:1498) [tomcat-embed-core-8.5.34.jar:8.5.34]
	at org.apache.tomcat.util.net.SocketProcessorBase.run(SocketProcessorBase.java:49) [tomcat-embed-core-8.5.34.jar:8.5.34]
	at java.util.concurrent.ThreadPoolExecutor.runWorker(ThreadPoolExecutor.java:1149) [?:1.8.0_201]
	at java.util.concurrent.ThreadPoolExecutor$Worker.run(ThreadPoolExecutor.java:624) [?:1.8.0_201]
	at org.apache.tomcat.util.threads.TaskThread$WrappingRunnable.run(TaskThread.java:61) [tomcat-embed-core-8.5.34.jar:8.5.34]
	at java.lang.Thread.run(Thread.java:748) [?:1.8.0_201]
09:44:12.051 [Thread-19] WARN  com.netflix.discovery.DiscoveryClient  - Saw local status change event StatusChangeEvent [timestamp=1582249452051, current=DOWN, previous=UP]
09:46:43.716 [main] WARN  com.netflix.config.sources.URLConfigurationSource  - No URLs will be polled as dynamic configuration sources.
09:46:43.721 [main] WARN  com.netflix.config.sources.URLConfigurationSource  - No URLs will be polled as dynamic configuration sources.
09:46:54.969 [http-nio-10099-exec-4] ERROR org.apache.catalina.core.ContainerBase.[Tomcat].[localhost].[/].[dispatcherServlet]  - Servlet.service() for servlet [dispatcherServlet] in context with path [] threw exception [Request processing failed; nested exception is org.springframework.web.multipart.MultipartException: Failed to parse multipart servlet request; nested exception is java.io.IOException: The temporary upload location [/temp/file] is not valid] with root cause
java.io.IOException: The temporary upload location [/temp/file] is not valid
	at org.apache.catalina.connector.Request.parseParts(Request.java:2877) ~[tomcat-embed-core-8.5.34.jar:8.5.34]
	at org.apache.catalina.connector.Request.parseParameters(Request.java:3242) ~[tomcat-embed-core-8.5.34.jar:8.5.34]
	at org.apache.catalina.connector.Request.getParameter(Request.java:1136) ~[tomcat-embed-core-8.5.34.jar:8.5.34]
	at org.apache.catalina.connector.RequestFacade.getParameter(RequestFacade.java:381) ~[tomcat-embed-core-8.5.34.jar:8.5.34]
	at org.springframework.web.filter.HiddenHttpMethodFilter.doFilterInternal(HiddenHttpMethodFilter.java:84) ~[spring-web-5.0.9.RELEASE.jar:5.0.9.RELEASE]
	at org.springframework.web.filter.OncePerRequestFilter.doFilter(OncePerRequestFilter.java:107) ~[spring-web-5.0.9.RELEASE.jar:5.0.9.RELEASE]
	at org.apache.catalina.core.ApplicationFilterChain.internalDoFilter(ApplicationFilterChain.java:193) ~[tomcat-embed-core-8.5.34.jar:8.5.34]
	at org.apache.catalina.core.ApplicationFilterChain.doFilter(ApplicationFilterChain.java:166) ~[tomcat-embed-core-8.5.34.jar:8.5.34]
	at org.springframework.web.filter.CharacterEncodingFilter.doFilterInternal(CharacterEncodingFilter.java:200) ~[spring-web-5.0.9.RELEASE.jar:5.0.9.RELEASE]
	at org.springframework.web.filter.OncePerRequestFilter.doFilter(OncePerRequestFilter.java:107) ~[spring-web-5.0.9.RELEASE.jar:5.0.9.RELEASE]
	at org.apache.catalina.core.ApplicationFilterChain.internalDoFilter(ApplicationFilterChain.java:193) ~[tomcat-embed-core-8.5.34.jar:8.5.34]
	at org.apache.catalina.core.ApplicationFilterChain.doFilter(ApplicationFilterChain.java:166) ~[tomcat-embed-core-8.5.34.jar:8.5.34]
	at org.apache.catalina.core.StandardWrapperValve.invoke(StandardWrapperValve.java:198) [tomcat-embed-core-8.5.34.jar:8.5.34]
	at org.apache.catalina.core.StandardContextValve.invoke(StandardContextValve.java:96) [tomcat-embed-core-8.5.34.jar:8.5.34]
	at org.apache.catalina.authenticator.AuthenticatorBase.invoke(AuthenticatorBase.java:493) [tomcat-embed-core-8.5.34.jar:8.5.34]
	at org.apache.catalina.core.StandardHostValve.invoke(StandardHostValve.java:140) [tomcat-embed-core-8.5.34.jar:8.5.34]
	at org.apache.catalina.valves.ErrorReportValve.invoke(ErrorReportValve.java:81) [tomcat-embed-core-8.5.34.jar:8.5.34]
	at org.apache.catalina.core.StandardEngineValve.invoke(StandardEngineValve.java:87) [tomcat-embed-core-8.5.34.jar:8.5.34]
	at org.apache.catalina.connector.CoyoteAdapter.service(CoyoteAdapter.java:342) [tomcat-embed-core-8.5.34.jar:8.5.34]
	at org.apache.coyote.http11.Http11Processor.service(Http11Processor.java:800) [tomcat-embed-core-8.5.34.jar:8.5.34]
	at org.apache.coyote.AbstractProcessorLight.process(AbstractProcessorLight.java:66) [tomcat-embed-core-8.5.34.jar:8.5.34]
	at org.apache.coyote.AbstractProtocol$ConnectionHandler.process(AbstractProtocol.java:806) [tomcat-embed-core-8.5.34.jar:8.5.34]
	at org.apache.tomcat.util.net.NioEndpoint$SocketProcessor.doRun(NioEndpoint.java:1498) [tomcat-embed-core-8.5.34.jar:8.5.34]
	at org.apache.tomcat.util.net.SocketProcessorBase.run(SocketProcessorBase.java:49) [tomcat-embed-core-8.5.34.jar:8.5.34]
	at java.util.concurrent.ThreadPoolExecutor.runWorker(ThreadPoolExecutor.java:1149) [?:1.8.0_201]
	at java.util.concurrent.ThreadPoolExecutor$Worker.run(ThreadPoolExecutor.java:624) [?:1.8.0_201]
	at org.apache.tomcat.util.threads.TaskThread$WrappingRunnable.run(TaskThread.java:61) [tomcat-embed-core-8.5.34.jar:8.5.34]
	at java.lang.Thread.run(Thread.java:748) [?:1.8.0_201]
09:47:25.732 [Thread-23] WARN  com.netflix.discovery.DiscoveryClient  - Saw local status change event StatusChangeEvent [timestamp=1582249645732, current=DOWN, previous=UP]
09:47:37.691 [main] WARN  com.netflix.config.sources.URLConfigurationSource  - No URLs will be polled as dynamic configuration sources.
09:47:37.694 [main] WARN  com.netflix.config.sources.URLConfigurationSource  - No URLs will be polled as dynamic configuration sources.
09:54:31.448 [Thread-19] WARN  com.netflix.discovery.DiscoveryClient  - Saw local status change event StatusChangeEvent [timestamp=1582250071447, current=DOWN, previous=UP]
09:54:44.182 [main] WARN  com.netflix.config.sources.URLConfigurationSource  - No URLs will be polled as dynamic configuration sources.
09:54:44.186 [main] WARN  com.netflix.config.sources.URLConfigurationSource  - No URLs will be polled as dynamic configuration sources.
09:56:20.226 [Thread-20] WARN  com.netflix.discovery.DiscoveryClient  - Saw local status change event StatusChangeEvent [timestamp=1582250180226, current=DOWN, previous=UP]
09:56:31.665 [main] WARN  com.netflix.config.sources.URLConfigurationSource  - No URLs will be polled as dynamic configuration sources.
09:56:31.669 [main] WARN  com.netflix.config.sources.URLConfigurationSource  - No URLs will be polled as dynamic configuration sources.
09:57:09.361 [http-nio-10099-exec-2] ERROR org.apache.catalina.core.ContainerBase.[Tomcat].[localhost].[/].[dispatcherServlet]  - Servlet.service() for servlet [dispatcherServlet] in context with path [] threw exception [Request processing failed; nested exception is org.springframework.web.multipart.MultipartException: Failed to parse multipart servlet request; nested exception is java.io.IOException: The temporary upload location [/temp/file] is not valid] with root cause
java.io.IOException: The temporary upload location [/temp/file] is not valid
	at org.apache.catalina.connector.Request.parseParts(Request.java:2877) ~[tomcat-embed-core-8.5.34.jar:8.5.34]
	at org.apache.catalina.connector.Request.parseParameters(Request.java:3242) ~[tomcat-embed-core-8.5.34.jar:8.5.34]
	at org.apache.catalina.connector.Request.getParameter(Request.java:1136) ~[tomcat-embed-core-8.5.34.jar:8.5.34]
	at org.apache.catalina.connector.RequestFacade.getParameter(RequestFacade.java:381) ~[tomcat-embed-core-8.5.34.jar:8.5.34]
	at org.springframework.web.filter.HiddenHttpMethodFilter.doFilterInternal(HiddenHttpMethodFilter.java:84) ~[spring-web-5.0.9.RELEASE.jar:5.0.9.RELEASE]
	at org.springframework.web.filter.OncePerRequestFilter.doFilter(OncePerRequestFilter.java:107) ~[spring-web-5.0.9.RELEASE.jar:5.0.9.RELEASE]
	at org.apache.catalina.core.ApplicationFilterChain.internalDoFilter(ApplicationFilterChain.java:193) ~[tomcat-embed-core-8.5.34.jar:8.5.34]
	at org.apache.catalina.core.ApplicationFilterChain.doFilter(ApplicationFilterChain.java:166) ~[tomcat-embed-core-8.5.34.jar:8.5.34]
	at org.springframework.web.filter.CharacterEncodingFilter.doFilterInternal(CharacterEncodingFilter.java:200) ~[spring-web-5.0.9.RELEASE.jar:5.0.9.RELEASE]
	at org.springframework.web.filter.OncePerRequestFilter.doFilter(OncePerRequestFilter.java:107) ~[spring-web-5.0.9.RELEASE.jar:5.0.9.RELEASE]
	at org.apache.catalina.core.ApplicationFilterChain.internalDoFilter(ApplicationFilterChain.java:193) ~[tomcat-embed-core-8.5.34.jar:8.5.34]
	at org.apache.catalina.core.ApplicationFilterChain.doFilter(ApplicationFilterChain.java:166) ~[tomcat-embed-core-8.5.34.jar:8.5.34]
	at org.apache.catalina.core.StandardWrapperValve.invoke(StandardWrapperValve.java:198) [tomcat-embed-core-8.5.34.jar:8.5.34]
	at org.apache.catalina.core.StandardContextValve.invoke(StandardContextValve.java:96) [tomcat-embed-core-8.5.34.jar:8.5.34]
	at org.apache.catalina.authenticator.AuthenticatorBase.invoke(AuthenticatorBase.java:493) [tomcat-embed-core-8.5.34.jar:8.5.34]
	at org.apache.catalina.core.StandardHostValve.invoke(StandardHostValve.java:140) [tomcat-embed-core-8.5.34.jar:8.5.34]
	at org.apache.catalina.valves.ErrorReportValve.invoke(ErrorReportValve.java:81) [tomcat-embed-core-8.5.34.jar:8.5.34]
	at org.apache.catalina.core.StandardEngineValve.invoke(StandardEngineValve.java:87) [tomcat-embed-core-8.5.34.jar:8.5.34]
	at org.apache.catalina.connector.CoyoteAdapter.service(CoyoteAdapter.java:342) [tomcat-embed-core-8.5.34.jar:8.5.34]
	at org.apache.coyote.http11.Http11Processor.service(Http11Processor.java:800) [tomcat-embed-core-8.5.34.jar:8.5.34]
	at org.apache.coyote.AbstractProcessorLight.process(AbstractProcessorLight.java:66) [tomcat-embed-core-8.5.34.jar:8.5.34]
	at org.apache.coyote.AbstractProtocol$ConnectionHandler.process(AbstractProtocol.java:806) [tomcat-embed-core-8.5.34.jar:8.5.34]
	at org.apache.tomcat.util.net.NioEndpoint$SocketProcessor.doRun(NioEndpoint.java:1498) [tomcat-embed-core-8.5.34.jar:8.5.34]
	at org.apache.tomcat.util.net.SocketProcessorBase.run(SocketProcessorBase.java:49) [tomcat-embed-core-8.5.34.jar:8.5.34]
	at java.util.concurrent.ThreadPoolExecutor.runWorker(ThreadPoolExecutor.java:1149) [?:1.8.0_201]
	at java.util.concurrent.ThreadPoolExecutor$Worker.run(ThreadPoolExecutor.java:624) [?:1.8.0_201]
	at org.apache.tomcat.util.threads.TaskThread$WrappingRunnable.run(TaskThread.java:61) [tomcat-embed-core-8.5.34.jar:8.5.34]
	at java.lang.Thread.run(Thread.java:748) [?:1.8.0_201]
09:57:45.658 [Thread-19] WARN  com.netflix.discovery.DiscoveryClient  - Saw local status change event StatusChangeEvent [timestamp=1582250265658, current=DOWN, previous=UP]
09:57:57.396 [main] WARN  com.netflix.config.sources.URLConfigurationSource  - No URLs will be polled as dynamic configuration sources.
09:57:57.400 [main] WARN  com.netflix.config.sources.URLConfigurationSource  - No URLs will be polled as dynamic configuration sources.
10:05:06.016 [Thread-19] WARN  com.netflix.discovery.DiscoveryClient  - Saw local status change event StatusChangeEvent [timestamp=1582250706016, current=DOWN, previous=UP]
10:05:19.882 [main] WARN  com.netflix.config.sources.URLConfigurationSource  - No URLs will be polled as dynamic configuration sources.
10:05:19.885 [main] WARN  com.netflix.config.sources.URLConfigurationSource  - No URLs will be polled as dynamic configuration sources.
10:07:07.608 [Thread-19] WARN  com.netflix.discovery.DiscoveryClient  - Saw local status change event StatusChangeEvent [timestamp=1582250827608, current=DOWN, previous=UP]
10:07:19.942 [main] WARN  com.netflix.config.sources.URLConfigurationSource  - No URLs will be polled as dynamic configuration sources.
10:07:19.946 [main] WARN  com.netflix.config.sources.URLConfigurationSource  - No URLs will be polled as dynamic configuration sources.
10:08:19.549 [Thread-19] WARN  com.netflix.discovery.DiscoveryClient  - Saw local status change event StatusChangeEvent [timestamp=1582250899549, current=DOWN, previous=UP]
10:08:22.578 [DiscoveryClient-0] WARN  com.netflix.discovery.TimedSupervisorTask  - task supervisor shutting down, can't accept the task
10:08:30.500 [main] WARN  com.netflix.config.sources.URLConfigurationSource  - No URLs will be polled as dynamic configuration sources.
10:08:30.504 [main] WARN  com.netflix.config.sources.URLConfigurationSource  - No URLs will be polled as dynamic configuration sources.
10:28:09.179 [Thread-19] WARN  com.netflix.discovery.DiscoveryClient  - Saw local status change event StatusChangeEvent [timestamp=1582252089179, current=DOWN, previous=UP]
